<?xml version="1.0" encoding="UTF-8"?>
<!-- Generated by org.testng.reporters.JUnitReportReporter -->
<testsuite hostname="ATMECSBLRLT-030" failures="0" tests="4" name="com.atmecs.SauceDemoWebsiteProject.testscript.BuyProductClass" time="63.140" errors="0" timestamp="01 Dec 2020 04:38:32 GMT" skipped="0">
  <testcase classname="com.atmecs.SauceDemoWebsiteProject.testscript.BuyProductClass" name="buyProductTest" time="22.084"/>
  <testcase classname="com.atmecs.SauceDemoWebsiteProject.testscript.BuyProductClass" name="buyProductTest" time="7.314"/>
  <testcase classname="com.atmecs.SauceDemoWebsiteProject.testscript.BuyProductClass" name="buyProductTest" time="18.151"/>
  <testcase classname="com.atmecs.SauceDemoWebsiteProject.testscript.BuyProductClass" name="buyProductTest" time="15.591"/>
</testsuite> <!-- com.atmecs.SauceDemoWebsiteProject.testscript.BuyProductClass -->
