<?xml version="1.0" encoding="UTF-8"?>
<!-- Generated by org.testng.reporters.JUnitReportReporter -->
<testsuite hostname="ATMECSBLRLT-030" failures="0" tests="4" name="com.atmecs.SauceDemoWebsiteProject.testscript.LoginClass" time="57.756" errors="0" timestamp="01 Dec 2020 04:38:32 GMT" skipped="0">
  <testcase classname="com.atmecs.SauceDemoWebsiteProject.testscript.LoginClass" name="loginTest" time="24.996"/>
  <testcase classname="com.atmecs.SauceDemoWebsiteProject.testscript.LoginClass" name="loginTest" time="14.885"/>
  <testcase classname="com.atmecs.SauceDemoWebsiteProject.testscript.LoginClass" name="loginTest" time="5.033"/>
  <testcase classname="com.atmecs.SauceDemoWebsiteProject.testscript.LoginClass" name="loginTest" time="12.842"/>
</testsuite> <!-- com.atmecs.SauceDemoWebsiteProject.testscript.LoginClass -->
